Copyright 1986-2022 Xilinx, Inc. All Rights Reserved. Copyright 2022-2023 Advanced Micro Devices, Inc. All Rights Reserved.
---------------------------------------------------------------------------------------------------------------------------------------------
| Tool Version : Vivado v.2023.1 (win64) Build 3865809 Sun May  7 15:05:29 MDT 2023
| Date         : Sun Dec 22 17:24:54 2024
| Host         : LAPTOP-K4AAENU9 running 64-bit major release  (build 9200)
| Command      : upgrade_ip
| Device       : xc7a35tcsg324-1
---------------------------------------------------------------------------------------------------------------------------------------------

Upgrade Log for IP 'axi_crossbar_1x2'

1. Summary
----------

SUCCESS in the upgrade of axi_crossbar_1x2 (xilinx.com:ip:axi_crossbar:2.1) from (Rev. 30) to (Rev. 29)






Copyright 1986-2022 Xilinx, Inc. All Rights Reserved. Copyright 2022-2023 Advanced Micro Devices, Inc. All Rights Reserved.
---------------------------------------------------------------------------------------------------------------------------------------------
| Tool Version : Vivado v.2023.1 (win64) Build 3865809 Sun May  7 15:05:29 MDT 2023
| Date         : Sun Dec 22 17:24:46 2024
| Host         : LAPTOP-K4AAENU9 running 64-bit major release  (build 9200)
| Command      : upgrade_ip
| Device       : xc7a35tcsg324-1
---------------------------------------------------------------------------------------------------------------------------------------------

Upgrade Log for IP 'axi_ram'

1. Summary
----------

SUCCESS in the upgrade of axi_ram (xilinx.com:ip:blk_mem_gen:8.4) from (Rev. 7) to (Rev. 6)






Copyright 1986-2022 Xilinx, Inc. All Rights Reserved. Copyright 2022-2023 Advanced Micro Devices, Inc. All Rights Reserved.
---------------------------------------------------------------------------------------------------------------------------------------------
| Tool Version : Vivado v.2023.1 (win64) Build 3865809 Sun May  7 15:05:29 MDT 2023
| Date         : Sun Dec 22 17:24:37 2024
| Host         : LAPTOP-K4AAENU9 running 64-bit major release  (build 9200)
| Command      : upgrade_ip
| Device       : xc7a35tcsg324-1
---------------------------------------------------------------------------------------------------------------------------------------------

Upgrade Log for IP 'clk_pll'

1. Summary
----------

SUCCESS in the upgrade of clk_pll (xilinx.com:ip:clk_wiz:6.0) from (Rev. 13) to (Rev. 12)

